2022-11-28 10:25:07 INFO  Main:17 - thất bại
  2022-11-28 10:34:49 WARN  StudentWSImpl:24 - Username/password không đúng
  2022-11-28 10:35:46 INFO  StudentWSImpl:21 - Thành công
  2022-11-28 10:38:07 INFO  StudentWSImpl:21 - Thành công
  2022-11-28 10:38:55 WARN  StudentWSImpl:24 - Username/password không đúng
  2022-11-28 10:39:13 INFO  StudentWSImpl:21 - Thành công
  2022-11-28 10:40:16 INFO  StudentWSImpl:21 - Thành công
  2022-11-28 10:40:16 INFO  ThreadOne:18 - Thành công
  2022-11-28 10:40:38 WARN  StudentWSImpl:24 - Username/password không đúng
  2022-11-28 10:47:56 INFO  StudentWSImpl:21 - Thành công
  2022-11-28 10:47:56 INFO  ThreadOne:18 - Thành công
  2022-11-28 14:08:40 INFO  StudentWSImpl:21 - Thành công
  2022-11-28 14:08:40 INFO  ThreadOne:18 - Thành công
  2022-11-28 14:18:36 INFO  StudentWSImpl:21 - Thành công
  2022-11-28 14:18:36 INFO  ThreadOne:18 - Thành công
  2022-11-28 14:23:30 INFO  StudentWSImpl:21 - Thành công
  2022-11-28 14:23:30 INFO  ThreadOne:18 - Thành công
  2022-11-28 14:23:34 INFO  StudentWSImpl:21 - Thành công
  2022-11-28 14:23:34 INFO  ThreadOne:18 - Thành công
  2022-11-28 14:41:25 INFO  StudentWSImpl:21 - Thành công
  2022-11-28 14:41:25 INFO  ThreadOne:18 - Thành công
  2022-11-28 15:19:00 INFO  ClassWSImpl:22 - Thành công
  2022-11-28 15:20:41 INFO  ClassWSImpl:22 - Thành công
  2022-11-28 15:38:25 INFO  ClassWSImpl:22 - Thành công
  2022-11-28 15:38:50 INFO  ClassWSImpl:22 - Thành công
  2022-11-28 15:39:09 INFO  ClassWSImpl:22 - Thành công
  2022-11-28 15:39:21 INFO  ClassWSImpl:22 - Thành công
  2022-11-28 15:39:35 INFO  ClassWSImpl:22 - Thành công
  2022-11-28 15:40:54 INFO  ClassWSImpl:22 - Thành công
  2022-11-28 15:41:31 INFO  ClassWSImpl:22 - Thành công
  2022-11-28 15:42:22 INFO  ClassWSImpl:22 - Thành công
  2022-11-28 15:43:37 INFO  ClassWSImpl:22 - Thành công
  2022-11-28 15:43:57 INFO  ClassWSImpl:22 - Thành công
  2022-11-28 15:44:32 INFO  ClassWSImpl:22 - Thành công
  2022-11-28 15:44:37 INFO  ClassWSImpl:22 - Thành công
  2022-11-28 15:45:02 INFO  ClassWSImpl:22 - Thành công
  2022-11-28 15:45:05 INFO  ClassWSImpl:22 - Thành công
  2022-11-28 15:45:23 INFO  ClassWSImpl:22 - Thành công
  2022-11-28 15:45:28 INFO  ClassWSImpl:22 - Thành công
  2022-11-28 16:27:36 INFO  ClassWSImpl:22 - Thành công
  2022-11-28 16:27:45 INFO  ClassWSImpl:22 - Thành công
  2022-11-28 16:57:33 INFO  ClassWSImpl:22 - Thành công
  2022-11-28 17:25:32 INFO  StudentWSImpl:21 - Thành công
  2022-11-28 17:25:32 INFO  ThreadOne:18 - Thành công
  2022-11-28 17:25:37 INFO  StudentWSImpl:21 - Thành công
  2022-11-28 17:25:37 INFO  ThreadOne:18 - Thành công
  2022-11-28 23:11:58 INFO  StudentWSImpl:21 - Thành công
  2022-11-28 23:11:58 INFO  ThreadOne:18 - Thành công
  2022-11-28 23:12:02 INFO  StudentWSImpl:21 - Thành công
  2022-11-28 23:12:02 INFO  ThreadOne:18 - Thành công
  2022-11-28 23:33:14 INFO  StudentWSImpl:21 - Thành công
  2022-11-28 23:33:32 INFO  ThreadOne:18 - Thành công
  2022-11-28 23:35:04 INFO  StudentWSImpl:21 - Thành công
  2022-11-28 23:35:10 INFO  ThreadOne:18 - Thành công
  2022-11-28 23:36:29 INFO  StudentWSImpl:21 - Thành công
  2022-11-28 23:36:29 INFO  ThreadOne:18 - Thành công
  2022-11-28 23:36:35 INFO  StudentWSImpl:21 - Thành công
  2022-11-28 23:36:35 INFO  ThreadOne:18 - Thành công
  2022-11-28 23:38:28 INFO  StudentWSImpl:21 - Thành công
  2022-11-28 23:38:28 INFO  ThreadOne:18 - Thành công
  2022-11-28 23:38:33 INFO  StudentWSImpl:21 - Thành công
  2022-11-28 23:38:33 INFO  ThreadOne:18 - Thành công
  2022-11-28 23:38:36 INFO  StudentWSImpl:21 - Thành công
  2022-11-28 23:38:36 INFO  ThreadOne:18 - Thành công
  2022-11-29 09:42:31 INFO  ClassWSImpl:22 - Thành công
  2022-11-29 09:42:51 INFO  ClassWSImpl:22 - Thành công
  2022-11-29 09:44:48 INFO  ClassWSImpl:22 - Thành công
  2022-11-29 09:45:40 INFO  ClassWSImpl:22 - Thành công
  2022-11-29 09:46:14 INFO  ClassWSImpl:22 - Thành công
  2022-11-29 09:50:14 INFO  ClassWSImpl:22 - Thành công
  2022-11-29 09:51:17 INFO  ClassWSImpl:22 - Thành công
  2022-11-29 10:04:21 INFO  ClassWSImpl:22 - Thành công
  2022-11-29 10:04:21 INFO  dbHelper:53 - 1
  2022-11-29 10:04:42 INFO  ClassWSImpl:22 - Thành công
  2022-11-29 10:04:42 INFO  dbHelper:53 - 0
  2022-11-29 10:04:45 INFO  ClassWSImpl:22 - Thành công
  2022-11-29 10:04:45 INFO  dbHelper:53 - 0
  2022-11-30 09:15:56 INFO  StudentWSImpl:22 - Thành công
  2022-11-30 09:15:56 INFO  ClassWSImpl:22 - Thành công
  2022-11-30 09:15:56 INFO  dbHelper:51 - Thành công
  2022-11-30 09:15:56 INFO  ClassWSImpl:36 - Thành công
  2022-11-30 09:15:56 INFO  dbHelper:51 - Thành công
  2022-11-30 09:15:56 INFO  ThreadOne:18 - Thành công
  2022-12-23 11:23:44 INFO  StudentWSImpl:20 - Thành công
  2022-12-23 13:39:20 INFO  StudentWSImpl:20 - Thành công
  2022-12-23 13:39:21 INFO  ClassWSImpl:22 - Thành công
  2022-12-23 13:39:21 INFO  dbHelper:49 - Thành công
  2022-12-23 13:39:21 INFO  ClassWSImpl:36 - Thành công
  2022-12-23 13:39:21 INFO  dbHelper:49 - Thành công
  2022-12-23 13:39:21 INFO  ThreadOne:18 - Thành công
  2022-12-23 13:44:53 INFO  StudentWSImpl:20 - Thành công
  2022-12-23 13:45:28 INFO  ClassWSImpl:22 - Thành công
  2022-12-23 13:45:28 INFO  dbHelper:49 - Thành công
  2022-12-23 13:45:28 INFO  ClassWSImpl:36 - Thành công
  2022-12-23 13:45:30 INFO  dbHelper:49 - Thành công
  2022-12-23 13:45:39 INFO  ThreadOne:18 - Thành công
  2022-12-23 14:17:28 INFO  StudentWSImpl:20 - Thành công
  2022-12-23 14:19:48 INFO  StudentWSImpl:20 - Thành công
  2022-12-23 14:20:13 INFO  StudentWSImpl:20 - Thành công
  2022-12-23 14:23:44 INFO  StudentWSImpl:20 - Thành công
  2022-12-23 14:27:21 INFO  StudentWSImpl:20 - Thành công
  2022-12-23 14:32:31 INFO  StudentWSImpl:20 - Thành công
  2022-12-23 14:33:40 INFO  StudentWSImpl:20 - Thành công
  2022-12-23 14:35:29 INFO  StudentWSImpl:21 - Thành công
  2022-12-23 14:49:08 INFO  StudentWSImpl:21 - Thành công
  2022-12-23 14:49:34 INFO  StudentWSImpl:21 - Thành công
  2022-12-23 14:49:35 INFO  ClassWSImpl:22 - Thành công
  2022-12-23 14:49:37 INFO  dbHelper:52 - Thành công
  2022-12-23 14:49:37 INFO  ClassWSImpl:36 - Thành công
  2022-12-23 14:49:38 INFO  dbHelper:52 - Thành công
  2022-12-23 14:49:38 INFO  ThreadOne:18 - Thành công
  